<?xml version="1.0" encoding="UTF-8"?>
<!-- Generated by org.testng.reporters.JUnitXMLReporter -->
<testsuite hostname="siddhantpanda" ignored="14" name="Test" tests="8" failures="0" timestamp="20 May 2021 13:09:24 GMT" time="3.924" errors="0">
  <testcase name="addComment" time="0.376" classname="Training.JiraAssignment.addcommentTest"/>
  <testcase name="editIssue" time="0.188" classname="Training.JiraAssignment.editissueTest"/>
  <testcase name="updateComment" time="0.092" classname="Training.JiraAssignment.updatecommentTest"/>
  <testcase name="createGroup" time="0.577" classname="Training.JiraAssignment.createGroupTest"/>
  <testcase name="deleteIssue" time="0.423" classname="Training.JiraAssignment.deleteIssueTest"/>
  <testcase name="deleteuser" time="0.076" classname="Training.JiraAssignment.deleteUserTest"/>
  <testcase name="getComments" time="0.961" classname="Training.JiraAssignment.getcommentTest"/>
  <testcase name="newUser" time="0.188" classname="Training.JiraAssignment.createuserTest"/>
  <testcase name="@AfterSuite endReport" time="0.0" classname="utils.utility">
    <ignored/>
  </testcase> <!-- @AfterSuite endReport -->
  <testcase name="@AfterSuite endReport" time="0.0" classname="utils.utility">
    <ignored/>
  </testcase> <!-- @AfterSuite endReport -->
  <testcase name="@AfterSuite endReport" time="0.0" classname="utils.utility">
    <ignored/>
  </testcase> <!-- @AfterSuite endReport -->
  <testcase name="@AfterSuite endReport" time="0.0" classname="utils.utility">
    <ignored/>
  </testcase> <!-- @AfterSuite endReport -->
  <testcase name="@AfterSuite endReport" time="0.0" classname="utils.utility">
    <ignored/>
  </testcase> <!-- @AfterSuite endReport -->
  <testcase name="@AfterSuite endReport" time="0.0" classname="utils.utility">
    <ignored/>
  </testcase> <!-- @AfterSuite endReport -->
  <testcase name="@AfterSuite endReport" time="0.0" classname="utils.utility">
    <ignored/>
  </testcase> <!-- @AfterSuite endReport -->
  <testcase name="@BeforeSuite setExtent" time="0.0" classname="utils.utility">
    <ignored/>
  </testcase> <!-- @BeforeSuite setExtent -->
  <testcase name="@BeforeSuite setExtent" time="0.0" classname="utils.utility">
    <ignored/>
  </testcase> <!-- @BeforeSuite setExtent -->
  <testcase name="@BeforeSuite setExtent" time="0.0" classname="utils.utility">
    <ignored/>
  </testcase> <!-- @BeforeSuite setExtent -->
  <testcase name="@BeforeSuite setExtent" time="0.0" classname="utils.utility">
    <ignored/>
  </testcase> <!-- @BeforeSuite setExtent -->
  <testcase name="@BeforeSuite setExtent" time="0.0" classname="utils.utility">
    <ignored/>
  </testcase> <!-- @BeforeSuite setExtent -->
  <testcase name="@BeforeSuite setExtent" time="0.0" classname="utils.utility">
    <ignored/>
  </testcase> <!-- @BeforeSuite setExtent -->
  <testcase name="@BeforeSuite setExtent" time="0.0" classname="utils.utility">
    <ignored/>
  </testcase> <!-- @BeforeSuite setExtent -->
</testsuite> <!-- Test -->
